<?xml version="1.0" encoding="UTF-8"?>
<testng-results skipped="0" failed="1" ignored="0" total="10" passed="9">
  <reporter-output>
  </reporter-output>
  <suite name="Default suite" duration-ms="246464" started-at="2017-10-31T12:31:23Z" finished-at="2017-10-31T12:35:29Z">
    <groups>
    </groups>
    <test name="Default test" duration-ms="246464" started-at="2017-10-31T12:31:23Z" finished-at="2017-10-31T12:35:29Z">
      <class name="TestScenario.firstproj">
        <test-method status="PASS" signature="launchBrowser()[pri:0, instance:TestScenario.firstproj@6ca8564a]" name="launchBrowser" is-config="true" duration-ms="14918" started-at="2017-10-31T18:01:23Z" finished-at="2017-10-31T18:01:38Z">
          <reporter-output>
          </reporter-output>
        </test-method> <!-- launchBrowser -->
        <test-method status="PASS" signature="loginPage()[pri:1, instance:TestScenario.firstproj@6ca8564a]" name="loginPage" duration-ms="3183" started-at="2017-10-31T18:01:38Z" finished-at="2017-10-31T18:01:41Z">
          <reporter-output>
          </reporter-output>
        </test-method> <!-- loginPage -->
        <test-method status="PASS" signature="clickOnContact()[pri:2, instance:TestScenario.firstproj@6ca8564a]" name="clickOnContact" duration-ms="12384" started-at="2017-10-31T18:01:41Z" finished-at="2017-10-31T18:01:53Z">
          <reporter-output>
          </reporter-output>
        </test-method> <!-- clickOnContact -->
        <test-method status="PASS" signature="clickingNew()[pri:3, instance:TestScenario.firstproj@6ca8564a]" name="clickingNew" duration-ms="1327" started-at="2017-10-31T18:01:53Z" finished-at="2017-10-31T18:01:55Z">
          <reporter-output>
          </reporter-output>
        </test-method> <!-- clickingNew -->
        <test-method status="PASS" signature="setValuesNewPage()[pri:4, instance:TestScenario.firstproj@6ca8564a]" name="setValuesNewPage" duration-ms="11520" started-at="2017-10-31T18:01:55Z" finished-at="2017-10-31T18:02:06Z">
          <reporter-output>
          </reporter-output>
        </test-method> <!-- setValuesNewPage -->
        <test-method status="PASS" signature="read_Contact_Name()[pri:6, instance:TestScenario.firstproj@6ca8564a]" name="read_Contact_Name" duration-ms="263" started-at="2017-10-31T18:02:06Z" finished-at="2017-10-31T18:02:07Z">
          <reporter-output>
          </reporter-output>
        </test-method> <!-- read_Contact_Name -->
        <test-method status="PASS" signature="writeInSheet()[pri:7, instance:TestScenario.firstproj@6ca8564a]" name="writeInSheet" duration-ms="931" started-at="2017-10-31T18:02:07Z" finished-at="2017-10-31T18:02:08Z">
          <reporter-output>
          </reporter-output>
        </test-method> <!-- writeInSheet -->
        <test-method status="PASS" signature="readFromExcel()[pri:8, instance:TestScenario.firstproj@6ca8564a]" name="readFromExcel" duration-ms="39" started-at="2017-10-31T18:02:08Z" finished-at="2017-10-31T18:02:08Z">
          <reporter-output>
          </reporter-output>
        </test-method> <!-- readFromExcel -->
        <test-method status="PASS" signature="clickOnContact2()[pri:9, instance:TestScenario.firstproj@6ca8564a]" name="clickOnContact2" duration-ms="637" started-at="2017-10-31T18:02:08Z" finished-at="2017-10-31T18:02:08Z">
          <reporter-output>
          </reporter-output>
        </test-method> <!-- clickOnContact2 -->
        <test-method status="PASS" signature="clickingGoforListView()[pri:10, instance:TestScenario.firstproj@6ca8564a]" name="clickingGoforListView" duration-ms="1705" started-at="2017-10-31T18:02:08Z" finished-at="2017-10-31T18:02:10Z">
          <reporter-output>
          </reporter-output>
        </test-method> <!-- clickingGoforListView -->
        <test-method status="FAIL" signature="navigatingToRecord()[pri:11, instance:TestScenario.firstproj@6ca8564a]" name="navigatingToRecord" duration-ms="199491" started-at="2017-10-31T18:02:10Z" finished-at="2017-10-31T18:05:29Z">
          <exception class="java.lang.NullPointerException">
            <full-stacktrace>
              <![CDATA[java.lang.NullPointerException
	at TestScenario.listView.navigatingToRecord(listView.java:44)
	at TestScenario.firstproj.navigatingToRecord(firstproj.java:124)
	at sun.reflect.NativeMethodAccessorImpl.invoke0(Native Method)
	at sun.reflect.NativeMethodAccessorImpl.invoke(NativeMethodAccessorImpl.java:62)
	at sun.reflect.DelegatingMethodAccessorImpl.invoke(DelegatingMethodAccessorImpl.java:43)
	at java.lang.reflect.Method.invoke(Method.java:498)
	at org.testng.internal.MethodInvocationHelper.invokeMethod(MethodInvocationHelper.java:108)
	at org.testng.internal.Invoker.invokeMethod(Invoker.java:661)
	at org.testng.internal.Invoker.invokeTestMethod(Invoker.java:869)
	at org.testng.internal.Invoker.invokeTestMethods(Invoker.java:1193)
	at org.testng.internal.TestMethodWorker.invokeTestMethods(TestMethodWorker.java:126)
	at org.testng.internal.TestMethodWorker.run(TestMethodWorker.java:109)
	at org.testng.TestRunner.privateRun(TestRunner.java:744)
	at org.testng.TestRunner.run(TestRunner.java:602)
	at org.testng.SuiteRunner.runTest(SuiteRunner.java:380)
	at org.testng.SuiteRunner.runSequentially(SuiteRunner.java:375)
	at org.testng.SuiteRunner.privateRun(SuiteRunner.java:340)
	at org.testng.SuiteRunner.run(SuiteRunner.java:289)
	at org.testng.SuiteRunnerWorker.runSuite(SuiteRunnerWorker.java:52)
	at org.testng.SuiteRunnerWorker.run(SuiteRunnerWorker.java:86)
	at org.testng.TestNG.runSuitesSequentially(TestNG.java:1301)
	at org.testng.TestNG.runSuitesLocally(TestNG.java:1226)
	at org.testng.TestNG.runSuites(TestNG.java:1144)
	at org.testng.TestNG.run(TestNG.java:1115)
	at org.testng.remote.AbstractRemoteTestNG.run(AbstractRemoteTestNG.java:132)
	at org.testng.remote.RemoteTestNG.initAndRun(RemoteTestNG.java:230)
	at org.testng.remote.RemoteTestNG.main(RemoteTestNG.java:76)
]]>
            </full-stacktrace>
          </exception> <!-- java.lang.NullPointerException -->
          <reporter-output>
          </reporter-output>
        </test-method> <!-- navigatingToRecord -->
      </class> <!-- TestScenario.firstproj -->
    </test> <!-- Default test -->
  </suite> <!-- Default suite -->
</testng-results>
