<?xml version="1.0" encoding="UTF-8"?>
<testng-results skipped="0" failed="0" ignored="0" total="14" passed="14">
  <reporter-output>
  </reporter-output>
  <suite name="Default suite" duration-ms="215967" started-at="2017-11-19T17:19:27Z" finished-at="2017-11-19T17:23:02Z">
    <groups>
    </groups>
    <test name="Default test" duration-ms="215967" started-at="2017-11-19T17:19:27Z" finished-at="2017-11-19T17:23:02Z">
      <class name="TestScenario.Lightning">
        <test-method status="PASS" signature="launchBrowser()[pri:0, instance:TestScenario.Lightning@1ddf84b8]" name="launchBrowser" is-config="true" duration-ms="11423" started-at="2017-11-19T22:49:27Z" finished-at="2017-11-19T22:49:38Z">
          <reporter-output>
          </reporter-output>
        </test-method> <!-- launchBrowser -->
        <test-method status="PASS" signature="loggingIn()[pri:1, instance:TestScenario.Lightning@1ddf84b8]" name="loggingIn" duration-ms="23005" started-at="2017-11-19T22:49:38Z" finished-at="2017-11-19T22:50:01Z">
          <reporter-output>
          </reporter-output>
        </test-method> <!-- loggingIn -->
        <test-method status="PASS" signature="navigatingToobject()[pri:2, instance:TestScenario.Lightning@1ddf84b8]" name="navigatingToobject" duration-ms="20324" started-at="2017-11-19T22:50:01Z" finished-at="2017-11-19T22:50:21Z">
          <reporter-output>
          </reporter-output>
        </test-method> <!-- navigatingToobject -->
        <test-method status="PASS" signature="clickNew()[pri:3, instance:TestScenario.Lightning@1ddf84b8]" name="clickNew" duration-ms="137" started-at="2017-11-19T22:50:21Z" finished-at="2017-11-19T22:50:21Z">
          <reporter-output>
          </reporter-output>
        </test-method> <!-- clickNew -->
        <test-method status="PASS" signature="setValuesNewPage()[pri:4, instance:TestScenario.Lightning@1ddf84b8]" name="setValuesNewPage" duration-ms="38806" started-at="2017-11-19T22:50:21Z" finished-at="2017-11-19T22:51:00Z">
          <reporter-output>
          </reporter-output>
        </test-method> <!-- setValuesNewPage -->
        <test-method status="PASS" signature="read_Contact_Name()[pri:5, instance:TestScenario.Lightning@1ddf84b8]" name="read_Contact_Name" duration-ms="5120" started-at="2017-11-19T22:51:00Z" finished-at="2017-11-19T22:51:05Z">
          <reporter-output>
          </reporter-output>
        </test-method> <!-- read_Contact_Name -->
        <test-method status="PASS" signature="writeInSheet()[pri:6, instance:TestScenario.Lightning@1ddf84b8]" name="writeInSheet" duration-ms="1023" started-at="2017-11-19T22:51:05Z" finished-at="2017-11-19T22:51:06Z">
          <reporter-output>
          </reporter-output>
        </test-method> <!-- writeInSheet -->
        <test-method status="PASS" signature="readFromExcel()[pri:7, instance:TestScenario.Lightning@1ddf84b8]" name="readFromExcel" duration-ms="43" started-at="2017-11-19T22:51:06Z" finished-at="2017-11-19T22:51:06Z">
          <reporter-output>
          </reporter-output>
        </test-method> <!-- readFromExcel -->
        <test-method status="PASS" signature="navigatingToObject2()[pri:8, instance:TestScenario.Lightning@1ddf84b8]" name="navigatingToObject2" duration-ms="20289" started-at="2017-11-19T22:51:06Z" finished-at="2017-11-19T22:51:27Z">
          <reporter-output>
          </reporter-output>
        </test-method> <!-- navigatingToObject2 -->
        <test-method status="PASS" signature="navigatingToRecord()[pri:9, instance:TestScenario.Lightning@1ddf84b8]" name="navigatingToRecord" duration-ms="5342" started-at="2017-11-19T22:51:27Z" finished-at="2017-11-19T22:51:32Z">
          <reporter-output>
          </reporter-output>
        </test-method> <!-- navigatingToRecord -->
        <test-method status="PASS" signature="editPage()[pri:10, instance:TestScenario.Lightning@1ddf84b8]" name="editPage" duration-ms="1926" started-at="2017-11-19T22:51:32Z" finished-at="2017-11-19T22:51:34Z">
          <reporter-output>
          </reporter-output>
        </test-method> <!-- editPage -->
        <test-method status="PASS" signature="uploadFile()[pri:11, instance:TestScenario.Lightning@1ddf84b8]" name="uploadFile" duration-ms="11322" started-at="2017-11-19T22:51:34Z" finished-at="2017-11-19T22:51:45Z">
          <reporter-output>
          </reporter-output>
        </test-method> <!-- uploadFile -->
        <test-method status="PASS" signature="inlineEditPage()[pri:12, instance:TestScenario.Lightning@1ddf84b8]" name="inlineEditPage" duration-ms="34198" started-at="2017-11-19T22:51:45Z" finished-at="2017-11-19T22:52:20Z">
          <reporter-output>
          </reporter-output>
        </test-method> <!-- inlineEditPage -->
        <test-method status="PASS" signature="navigatingToobject3()[pri:13, instance:TestScenario.Lightning@1ddf84b8]" name="navigatingToobject3" duration-ms="30520" started-at="2017-11-19T22:52:20Z" finished-at="2017-11-19T22:52:50Z">
          <reporter-output>
          </reporter-output>
        </test-method> <!-- navigatingToobject3 -->
        <test-method status="PASS" signature="setVf()[pri:14, instance:TestScenario.Lightning@1ddf84b8]" name="setVf" duration-ms="12198" started-at="2017-11-19T22:52:50Z" finished-at="2017-11-19T22:53:02Z">
          <reporter-output>
          </reporter-output>
        </test-method> <!-- setVf -->
        <test-method status="PASS" signature="closeBrowser()[pri:0, instance:TestScenario.Lightning@1ddf84b8]" name="closeBrowser" is-config="true" duration-ms="249" started-at="2017-11-19T22:53:02Z" finished-at="2017-11-19T22:53:02Z">
          <reporter-output>
          </reporter-output>
        </test-method> <!-- closeBrowser -->
      </class> <!-- TestScenario.Lightning -->
    </test> <!-- Default test -->
  </suite> <!-- Default suite -->
</testng-results>
